Using pre-set license
Built from '2021.3/staging' branch; Version is '2021.3.9f1 (ad3870b89536) revision 11352176'; Using compiler version '192829333'; Build Type 'Release'
OS: 'Windows 10  (10.0.19043) 64bit Core' Language: 'en' Physical Memory: 4005 MB
BatchMode: 1, IsHumanControllingUs: 0, StartBugReporterOnCrash: 0, Is64bit: 1, IsPro: 1

COMMAND LINE ARGUMENTS:
C:\Program Files\Unity 2021.3.9f1\Editor\Unity.exe
-adb2
-batchMode
-noUpm
-name
AssetImportWorker2
-projectPath
C:/Users/charl/Downloads/Create-with-VR_2021LTS/VR Room - alan beirne
-logFile
Logs/AssetImportWorker2.log
-srvPort
60840
Successfully changed project path to: C:/Users/charl/Downloads/Create-with-VR_2021LTS/VR Room - alan beirne
C:/Users/charl/Downloads/Create-with-VR_2021LTS/VR Room - alan beirne
[UnityMemory] Configuration Parameters - Can be set up in boot.config
    "memorysetup-bucket-allocator-granularity=16"
    "memorysetup-bucket-allocator-bucket-count=8"
    "memorysetup-bucket-allocator-block-size=33554432"
    "memorysetup-bucket-allocator-block-count=8"
    "memorysetup-main-allocator-block-size=16777216"
    "memorysetup-thread-allocator-block-size=16777216"
    "memorysetup-gfx-main-allocator-block-size=16777216"
    "memorysetup-gfx-thread-allocator-block-size=16777216"
    "memorysetup-cache-allocator-block-size=4194304"
    "memorysetup-typetree-allocator-block-size=2097152"
    "memorysetup-profiler-bucket-allocator-granularity=16"
    "memorysetup-profiler-bucket-allocator-bucket-count=8"
    "memorysetup-profiler-bucket-allocator-block-size=33554432"
    "memorysetup-profiler-bucket-allocator-block-count=8"
    "memorysetup-profiler-allocator-block-size=16777216"
    "memorysetup-profiler-editor-allocator-block-size=1048576"
    "memorysetup-temp-allocator-size-main=16777216"
    "memorysetup-job-temp-allocator-block-size=2097152"
    "memorysetup-job-temp-allocator-block-size-background=1048576"
    "memorysetup-job-temp-allocator-reduction-small-platforms=262144"
    "memorysetup-temp-allocator-size-background-worker=32768"
    "memorysetup-temp-allocator-size-job-worker=262144"
    "memorysetup-temp-allocator-size-preload-manager=33554432"
    "memorysetup-temp-allocator-size-nav-mesh-worker=65536"
    "memorysetup-temp-allocator-size-audio-worker=65536"
    "memorysetup-temp-allocator-size-cloud-worker=32768"
    "memorysetup-temp-allocator-size-gi-baking-worker=262144"
    "memorysetup-temp-allocator-size-gfx=262144"
Refreshing native plugins compatible for Editor in 229.58 ms, found 8 plugins.
Preloading 0 native plugins for Editor in 0.00 ms.
Initialize engine version: 2021.3.9f1 (ad3870b89536)
[Subsystems] Discovering subsystems at path C:/Program Files/Unity 2021.3.9f1/Editor/Data/Resources/UnitySubsystems
[Subsystems] Discovering subsystems at path C:/Users/charl/Downloads/Create-with-VR_2021LTS/VR Room - alan beirne/Assets
GfxDevice: creating device client; threaded=0; jobified=0
Direct3D:
    Version:  Direct3D 11.0 [level 11.1]
    Renderer: Intel(R) UHD Graphics 620 (ID=0x5917)
    Vendor:   Intel
    VRAM:     2002 MB
    Driver:   26.20.100.7323
Initialize mono
Mono path[0] = 'C:/Program Files/Unity 2021.3.9f1/Editor/Data/Managed'
Mono path[1] = 'C:/Program Files/Unity 2021.3.9f1/Editor/Data/MonoBleedingEdge/lib/mono/unityjit-win32'
Mono config path = 'C:/Program Files/Unity 2021.3.9f1/Editor/Data/MonoBleedingEdge/etc'
Using monoOptions --debugger-agent=transport=dt_socket,embedding=1,server=y,suspend=n,address=127.0.0.1:56908
Begin MonoManager ReloadAssembly
Registering precompiled unity dll's ...
Register platform support module: C:/Program Files/Unity 2021.3.9f1/Editor/Data/PlaybackEngines/WindowsStandaloneSupport/UnityEditor.WindowsStandalone.Extensions.dll
Registered in 0.010584 seconds.
Native extension for WindowsStandalone target not found
Refreshing native plugins compatible for Editor in 224.08 ms, found 8 plugins.
Preloading 0 native plugins for Editor in 0.00 ms.
Mono: successfully reloaded assembly
- Completed reload, in  1.476 seconds
Domain Reload Profiling:
	ReloadAssembly (1478ms)
		BeginReloadAssembly (296ms)
			ExecutionOrderSort (0ms)
			DisableScriptedObjects (0ms)
			BackupInstance (0ms)
			ReleaseScriptingObjects (0ms)
			CreateAndSetChildDomain (2ms)
		EndReloadAssembly (1016ms)
			LoadAssemblies (286ms)
			RebuildTransferFunctionScriptingTraits (0ms)
			SetupTypeCache (143ms)
			ReleaseScriptCaches (0ms)
			RebuildScriptCaches (36ms)
			SetupLoadedEditorAssemblies (749ms)
				LogAssemblyErrors (0ms)
				InitializePlatformSupportModulesInManaged (24ms)
				SetLoadedEditorAssemblies (0ms)
				RefreshPlugins (224ms)
				BeforeProcessingInitializeOnLoad (2ms)
				ProcessInitializeOnLoadAttributes (376ms)
				ProcessInitializeOnLoadMethodAttributes (122ms)
				AfterProcessingInitializeOnLoad (0ms)
				EditorAssembliesLoaded (0ms)
			ExecutionOrderSort2 (0ms)
			AwakeInstancesAfterBackupRestoration (0ms)
Platform modules already initialized, skipping
Registering precompiled user dll's ...
Registered in 0.068095 seconds.
Begin MonoManager ReloadAssembly
Symbol file LoadedFromMemory doesn't match image C:\Users\charl\Downloads\Create-with-VR_2021LTS\VR Room - alan beirne\Library\PackageCache\com.unity.visualscripting@1.7.8\Editor\VisualScripting.Core\Dependencies\DotNetZip\Unity.VisualScripting.IonicZip.dll
Symbol file LoadedFromMemory doesn't match image C:\Users\charl\Downloads\Create-with-VR_2021LTS\VR Room - alan beirne\Library\PackageCache\com.unity.visualscripting@1.7.8\Editor\VisualScripting.Core\Dependencies\YamlDotNet\Unity.VisualScripting.YamlDotNet.dll
Native extension for WindowsStandalone target not found
Refreshing native plugins compatible for Editor in 134.11 ms, found 8 plugins.
Preloading 0 native plugins for Editor in 0.00 ms.
Package Manager log level set to [2]
Mono: successfully reloaded assembly
- Completed reload, in  2.740 seconds
Domain Reload Profiling:
	ReloadAssembly (2744ms)
		BeginReloadAssembly (225ms)
			ExecutionOrderSort (0ms)
			DisableScriptedObjects (11ms)
			BackupInstance (0ms)
			ReleaseScriptingObjects (0ms)
			CreateAndSetChildDomain (26ms)
		EndReloadAssembly (2343ms)
			LoadAssemblies (422ms)
			RebuildTransferFunctionScriptingTraits (0ms)
			SetupTypeCache (664ms)
			ReleaseScriptCaches (1ms)
			RebuildScriptCaches (90ms)
			SetupLoadedEditorAssemblies (1129ms)
				LogAssemblyErrors (0ms)
				InitializePlatformSupportModulesInManaged (6ms)
				SetLoadedEditorAssemblies (0ms)
				RefreshPlugins (134ms)
				BeforeProcessingInitializeOnLoad (147ms)
				ProcessInitializeOnLoadAttributes (684ms)
				ProcessInitializeOnLoadMethodAttributes (138ms)
				AfterProcessingInitializeOnLoad (17ms)
				EditorAssembliesLoaded (1ms)
			ExecutionOrderSort2 (0ms)
			AwakeInstancesAfterBackupRestoration (13ms)
Platform modules already initialized, skipping
========================================================================
Worker process is ready to serve import requests
Launched and connected shader compiler UnityShaderCompiler.exe after 0.10 seconds
Refreshing native plugins compatible for Editor in 2.90 ms, found 8 plugins.
Preloading 0 native plugins for Editor in 0.00 ms.
Unloading 5909 Unused Serialized files (Serialized files now loaded: 0)
Unloading 55 unused Assets / (0.7 MB). Loaded Objects now: 6346.
Memory consumption went from 227.0 MB to 226.3 MB.
Total: 276.828900 ms (FindLiveObjects: 0.896100 ms CreateObjectMapping: 0.747100 ms MarkObjects: 245.953600 ms  DeleteObjects: 29.227800 ms)

AssetImportParameters requested are different than current active one (requested -> active):
  custom:video-decoder-ogg-theora: a1e56fd34408186e4bbccfd4996cb3dc -> 
  custom:container-muxer-webm: aa71ff27fc2769a1b78a27578f13a17b -> 
  custom:container-demuxer-webm: 4f35f7cbe854078d1ac9338744f61a02 -> 
  custom:video-encoder-webm-vp8: eb34c28f22e8b96e1ab97ce403110664 -> 
  custom:video-codec-MediaFoundation-h265: 746d11721c4dcdbdad8f713fa42b33f4 -> 
  custom:audio-encoder-webm-vorbis: bf7c407c2cedff20999df2af8eb42d56 -> 
  custom:framework-win-MediaFoundation: 216162199b28c13a410421893ffa2e32 -> 
  custom:container-demuxer-ogg: 62fdf1f143b41e24485cea50d1cbac27 -> 
  custom:video-decoder-webm-vp8: 9c59270c3fd7afecdb556c50c9e8de78 -> 
  custom:audio-decoder-ogg-vorbis: bf7c407c2cedff20999df2af8eb42d56 -> 
========================================================================
Received Import Request.
  Time since last request: 63833.344864 seconds.
  path: Assets/_Course Library/_Prefabs/VR/Hands/VR_Hand_Yellow_Left.prefab
  artifactKey: Guid(8ed7c4661c5c246c3b215268ec9f5cc5) Importer(815301076,1909f56bfc062723c751e8b465ee728b)
Start importing Assets/_Course Library/_Prefabs/VR/Hands/VR_Hand_Yellow_Left.prefab using Guid(8ed7c4661c5c246c3b215268ec9f5cc5) Importer(815301076,1909f56bfc062723c751e8b465ee728b)  -> (artifact id: '61ceec996be2839175a0f3f72520dfe8') in 1.629300 seconds 
========================================================================
Received Import Request.
  Time since last request: 0.000038 seconds.
  path: Assets/_Course Library/_Prefabs/VR/Hands/VR_Hand_Colorful_Right.prefab
  artifactKey: Guid(233d735817dff43da9b78129b58d66fb) Importer(815301076,1909f56bfc062723c751e8b465ee728b)
Start importing Assets/_Course Library/_Prefabs/VR/Hands/VR_Hand_Colorful_Right.prefab using Guid(233d735817dff43da9b78129b58d66fb) Importer(815301076,1909f56bfc062723c751e8b465ee728b)  -> (artifact id: '7df32cf91f660d650bd6902c05e1c824') in 0.067969 seconds 
========================================================================
Received Import Request.
  Time since last request: 0.000084 seconds.
  path: Assets/_Course Library/_Prefabs/VR/Hands/VR_Hand_Primitive.prefab
  artifactKey: Guid(66b7de02017114b29a1237e13b5d0f53) Importer(815301076,1909f56bfc062723c751e8b465ee728b)
Start importing Assets/_Course Library/_Prefabs/VR/Hands/VR_Hand_Primitive.prefab using Guid(66b7de02017114b29a1237e13b5d0f53) Importer(815301076,1909f56bfc062723c751e8b465ee728b)  -> (artifact id: 'b3fa73c6b0f77d4c99b2271776a70d48') in 11.726384 seconds 
========================================================================
Received Import Request.
  Time since last request: 821.153233 seconds.
  path: Assets/_Course Library/_Prefabs/Objects/Sports
  artifactKey: Guid(77f764ca4d92f485ead1087e8233087d) Importer(815301076,1909f56bfc062723c751e8b465ee728b)
Start importing Assets/_Course Library/_Prefabs/Objects/Sports using Guid(77f764ca4d92f485ead1087e8233087d) Importer(815301076,1909f56bfc062723c751e8b465ee728b)  -> (artifact id: 'dde9c735e675efceaa04798ef3e21c9f') in 0.034444 seconds 
========================================================================
Received Import Request.
  Time since last request: 16.442681 seconds.
  path: Assets/_Course Library/_Prefabs/Objects/Sports/Tennis_Ball_Green.prefab
  artifactKey: Guid(d0c00082fbae52742bbd03cc0bccf5ea) Importer(815301076,1909f56bfc062723c751e8b465ee728b)
Start importing Assets/_Course Library/_Prefabs/Objects/Sports/Tennis_Ball_Green.prefab using Guid(d0c00082fbae52742bbd03cc0bccf5ea) Importer(815301076,1909f56bfc062723c751e8b465ee728b)  -> (artifact id: '483bab983bc4c4d933883ea5380cbee4') in 0.450480 seconds 
========================================================================
Received Import Request.
  Time since last request: 631.147689 seconds.
  path: Assets/_Course Library/Materials/Physics Materials/PhysicsMaterial_Bounce_High.physicMaterial
  artifactKey: Guid(acb78fcb0450e4fb8b9fb4a2efa13fac) Importer(815301076,1909f56bfc062723c751e8b465ee728b)
Start importing Assets/_Course Library/Materials/Physics Materials/PhysicsMaterial_Bounce_High.physicMaterial using Guid(acb78fcb0450e4fb8b9fb4a2efa13fac) Importer(815301076,1909f56bfc062723c751e8b465ee728b)  -> (artifact id: 'd6a5573323bc9dc2ef13a447b048f825') in 0.485716 seconds 
========================================================================
Received Import Request.
  Time since last request: 0.001086 seconds.
  path: Assets/Challenges/03_Training/Materials/Slippery.physicMaterial
  artifactKey: Guid(69e9bd7ea9e6e45cfb5e74783123202e) Importer(815301076,1909f56bfc062723c751e8b465ee728b)
Start importing Assets/Challenges/03_Training/Materials/Slippery.physicMaterial using Guid(69e9bd7ea9e6e45cfb5e74783123202e) Importer(815301076,1909f56bfc062723c751e8b465ee728b)  -> (artifact id: 'cc0eace8b02459f4353c6a335cc42890') in 0.041901 seconds 
========================================================================
Received Import Request.
  Time since last request: 0.000061 seconds.
  path: Assets/_Course Library/Materials/Physics Materials/PhysicsMaterial_Bounce_Medium.physicMaterial
  artifactKey: Guid(e654b37fdb1572b448b120296457ac63) Importer(815301076,1909f56bfc062723c751e8b465ee728b)
Start importing Assets/_Course Library/Materials/Physics Materials/PhysicsMaterial_Bounce_Medium.physicMaterial using Guid(e654b37fdb1572b448b120296457ac63) Importer(815301076,1909f56bfc062723c751e8b465ee728b)  -> (artifact id: 'cfd85cef6b9f09dddf4017bde5dd44f0') in 0.043063 seconds 
========================================================================
Received Import Request.
  Time since last request: 152.871019 seconds.
  path: Assets/_Course Library/_Prefabs/Objects/Sports/Tennis_Racket_Blue.prefab
  artifactKey: Guid(53024bf1455f2604283bf60ea2f0ca2c) Importer(815301076,1909f56bfc062723c751e8b465ee728b)
Start importing Assets/_Course Library/_Prefabs/Objects/Sports/Tennis_Racket_Blue.prefab using Guid(53024bf1455f2604283bf60ea2f0ca2c) Importer(815301076,1909f56bfc062723c751e8b465ee728b)  -> (artifact id: 'cc0646c7b5e85b77e58e2cbe8e9860af') in 0.383297 seconds 
